<?xml version="1.0" encoding="UTF-8"?>
<!-- Generated by org.testng.reporters.JUnitReportReporter -->
<testsuite skipped="0" hostname="DESKTOP-NBL0SLE" name="other.NewTest" tests="1" failures="0" timestamp="2021-06-20T21:21:44 CST" time="26.613" errors="0">
  <testcase name="f" time="26.613" classname="other.NewTest"/>
  <system-out/>
</testsuite> <!-- other.NewTest -->
